This is pdfTeX, Version 3.141592653-2.6-1.40.24 (TeX Live 2022) (preloaded format=pdflatex 2023.2.9)  8 JAN 2026 18:22
entering extended mode
 restricted \write18 enabled.
 file:line:error style messages enabled.
 %&-line parsing enabled.
**c:/Users/crfha/GitHub/Notas-Calculo-de-Maquinas/main.tex
(c:/Users/crfha/GitHub/Notas-Calculo-de-Maquinas/main.tex
LaTeX2e <2022-11-01> patch level 1
L3 programming layer <2023-02-07>

c:/Users/crfha/GitHub/Notas-Calculo-de-Maquinas/main.tex:1: LaTeX Error: Missing \begin{document}.

See the LaTeX manual or LaTeX Companion for explanation.
Type  H <return>  for immediate help.
 ...                                              
                                                  
l.1 <
     <<<<<< HEAD
You're in trouble here.  Try typing  <return>  to proceed.
If that doesn't work, type  X <return>  to quit.

Missing character: There is no < in font nullfont!
Missing character: There is no < in font nullfont!
Missing character: There is no < in font nullfont!
Missing character: There is no < in font nullfont!
Missing character: There is no < in font nullfont!
Missing character: There is no < in font nullfont!
Missing character: There is no < in font nullfont!
Missing character: There is no H in font nullfont!
Missing character: There is no E in font nullfont!
Missing character: There is no A in font nullfont!
Missing character: There is no D in font nullfont!
(c:/texlive/2022/texmf-dist/tex/latex/base/report.cls
Document Class: report 2022/07/02 v1.4n Standard LaTeX document class
(c:/texlive/2022/texmf-dist/tex/latex/base/size11.clo
File: size11.clo 2022/07/02 v1.4n Standard LaTeX file (size option)
)
\c@part=\count185
\c@chapter=\count186
\c@section=\count187
\c@subsection=\count188
\c@subsubsection=\count189
\c@paragraph=\count190
\c@subparagraph=\count191

Overfull \hbox (20.0pt too wide) in paragraph at lines 1--293
[]
 []

\c@figure=\count192
\c@table=\count193
\abovecaptionskip=\skip48
\belowcaptionskip=\skip49
\bibindent=\dimen140
[1{c:/texlive/2022/texmf-var/fonts/map/pdftex/updmap/pdftex.map}]) (c:/texlive/2022/texmf-dist/tex/generic/babel/babel.sty
Package: babel 2022/01/23 3.85 The Babel package
\babel@savecnt=\count194
\U@D=\dimen141
\l@unhyphenated=\language87
 (c:/texlive/2022/texmf-dist/tex/generic/babel/txtbabel.def)
\bbl@readstream=\read2
\bbl@dirlevel=\count195
 (c:/texlive/2022/texmf-dist/tex/generic/babel-spanish/spanish.ldf
Language: spanish.ldf 2021/05/27 v5.0q Spanish support from the babel system
\es@quottoks=\toks16
\es@quotdepth=\count196
Package babel Info: Making " an active character on input line 570.
Package babel Info: Making . an active character on input line 675.
Package babel Info: Making < an active character on input line 722.
Package babel Info: Making > an active character on input line 722.
)) (c:/texlive/2022/texmf-dist/tex/generic/babel/locale/es/babel-spanish.tex
Package babel Info: Importing font and identification data for spanish
(babel)             from babel-es.ini. Reported on input line 11.
) (c:/texlive/2022/texmf-dist/tex/latex/geometry/geometry.sty
Package: geometry 2020/01/02 v5.9 Page Geometry
 (c:/texlive/2022/texmf-dist/tex/latex/graphics/keyval.sty
Package: keyval 2022/05/29 v1.15 key=value parser (DPC)
\KV@toks@=\toks17
) (c:/texlive/2022/texmf-dist/tex/generic/iftex/ifvtex.sty
Package: ifvtex 2019/10/25 v1.7 ifvtex legacy package. Use iftex instead.
 (c:/texlive/2022/texmf-dist/tex/generic/iftex/iftex.sty
Package: iftex 2022/02/03 v1.0f TeX engine tests
))
\Gm@cnth=\count197
\Gm@cntv=\count198
\c@Gm@tempcnt=\count199
\Gm@bindingoffset=\dimen142
\Gm@wd@mp=\dimen143
\Gm@odd@mp=\dimen144
\Gm@even@mp=\dimen145
\Gm@layoutwidth=\dimen146
\Gm@layoutheight=\dimen147
\Gm@layouthoffset=\dimen148
\Gm@layoutvoffset=\dimen149
\Gm@dimlist=\toks18
) (c:/texlive/2022/texmf-dist/tex/latex/graphics/graphicx.sty
Package: graphicx 2021/09/16 v1.2d Enhanced LaTeX Graphics (DPC,SPQR)
 (c:/texlive/2022/texmf-dist/tex/latex/graphics/graphics.sty
Package: graphics 2022/03/10 v1.4e Standard LaTeX Graphics (DPC,SPQR)
 (c:/texlive/2022/texmf-dist/tex/latex/graphics/trig.sty
Package: trig 2021/08/11 v1.11 sin cos tan (DPC)
) (c:/texlive/2022/texmf-dist/tex/latex/graphics-cfg/graphics.cfg
File: graphics.cfg 2016/06/04 v1.11 sample graphics configuration
)
Package graphics Info: Driver file: pdftex.def on input line 107.
 (c:/texlive/2022/texmf-dist/tex/latex/graphics-def/pdftex.def
File: pdftex.def 2022/09/22 v1.2b Graphics/color driver for pdftex
))
\Gin@req@height=\dimen150
\Gin@req@width=\dimen151
) (c:/texlive/2022/texmf-dist/tex/latex/amsmath/amsmath.sty
Package: amsmath 2022/04/08 v2.17n AMS math features
\@mathmargin=\skip50

For additional information on amsmath, use the `?' option.
(c:/texlive/2022/texmf-dist/tex/latex/amsmath/amstext.sty
Package: amstext 2021/08/26 v2.01 AMS text
 (c:/texlive/2022/texmf-dist/tex/latex/amsmath/amsgen.sty
File: amsgen.sty 1999/11/30 v2.0 generic functions
\@emptytoks=\toks19
\ex@=\dimen152
)) (c:/texlive/2022/texmf-dist/tex/latex/amsmath/amsbsy.sty
Package: amsbsy 1999/11/29 v1.2d Bold Symbols
\pmbraise@=\dimen153
) (c:/texlive/2022/texmf-dist/tex/latex/amsmath/amsopn.sty
Package: amsopn 2022/04/08 v2.04 operator names
)
\inf@bad=\count266
LaTeX Info: Redefining \frac on input line 234.
\uproot@=\count267
\leftroot@=\count268
LaTeX Info: Redefining \overline on input line 399.
LaTeX Info: Redefining \colon on input line 410.
\classnum@=\count269
\DOTSCASE@=\count270
LaTeX Info: Redefining \ldots on input line 496.
LaTeX Info: Redefining \dots on input line 499.
LaTeX Info: Redefining \cdots on input line 620.
\Mathstrutbox@=\box51
\strutbox@=\box52
LaTeX Info: Redefining \big on input line 722.
LaTeX Info: Redefining \Big on input line 723.
LaTeX Info: Redefining \bigg on input line 724.
LaTeX Info: Redefining \Bigg on input line 725.
\big@size=\dimen154
LaTeX Font Info:    Redeclaring font encoding OML on input line 743.
LaTeX Font Info:    Redeclaring font encoding OMS on input line 744.
\macc@depth=\count271
LaTeX Info: Redefining \bmod on input line 905.
LaTeX Info: Redefining \pmod on input line 910.
LaTeX Info: Redefining \smash on input line 940.
LaTeX Info: Redefining \relbar on input line 970.
LaTeX Info: Redefining \Relbar on input line 971.
\c@MaxMatrixCols=\count272
\dotsspace@=\muskip16
\c@parentequation=\count273
\dspbrk@lvl=\count274
\tag@help=\toks20
\row@=\count275
\column@=\count276
\maxfields@=\count277
\andhelp@=\toks21
\eqnshift@=\dimen155
\alignsep@=\dimen156
\tagshift@=\dimen157
\tagwidth@=\dimen158
\totwidth@=\dimen159
\lineht@=\dimen160
\@envbody=\toks22
\multlinegap=\skip51
\multlinetaggap=\skip52
\mathdisplay@stack=\toks23
LaTeX Info: Redefining \[ on input line 2953.
LaTeX Info: Redefining \] on input line 2954.
) (c:/texlive/2022/texmf-dist/tex/latex/amsfonts/amsfonts.sty
Package: amsfonts 2013/01/14 v3.01 Basic AMSFonts support
\symAMSa=\mathgroup4
\symAMSb=\mathgroup5
LaTeX Font Info:    Redeclaring math symbol \hbar on input line 98.
LaTeX Font Info:    Overwriting math alphabet `\mathfrak' in version `bold'
(Font)                  U/euf/m/n --> U/euf/b/n on input line 106.
) (c:/texlive/2022/texmf-dist/tex/latex/float/float.sty
Package: float 2001/11/08 v1.3d Float enhancements (AL)
\c@float@type=\count278
\float@exts=\toks24
\float@box=\box53
\@float@everytoks=\toks25
\@floatcapt=\box54
) (c:/texlive/2022/texmf-dist/tex/latex/colortbl/colortbl.sty
Package: colortbl 2022/06/20 v1.0f Color table columns (DPC)
 (c:/texlive/2022/texmf-dist/tex/latex/tools/array.sty
Package: array 2022/09/04 v2.5g Tabular extension package (FMi)
\col@sep=\dimen161
\ar@mcellbox=\box55
\extrarowheight=\dimen162
\NC@list=\toks26
\extratabsurround=\skip53
\backup@length=\skip54
\ar@cellbox=\box56
) (c:/texlive/2022/texmf-dist/tex/latex/graphics/color.sty
Package: color 2022/01/06 v1.3d Standard LaTeX Color (DPC)
 (c:/texlive/2022/texmf-dist/tex/latex/graphics-cfg/color.cfg
File: color.cfg 2016/01/02 v1.6 sample color configuration
)
Package color Info: Driver file: pdftex.def on input line 149.
 (c:/texlive/2022/texmf-dist/tex/latex/graphics/mathcolor.ltx))
\everycr=\toks27
\minrowclearance=\skip55
\rownum=\count279
) (c:/texlive/2022/texmf-dist/tex/latex/xcolor/xcolor.sty
Package: xcolor 2022/06/12 v2.14 LaTeX color extensions (UK)
 (c:/texlive/2022/texmf-dist/tex/latex/graphics-cfg/color.cfg
File: color.cfg 2016/01/02 v1.6 sample color configuration
)
Package xcolor Info: Driver file: pdftex.def on input line 227.
LaTeX Info: Redefining \color on input line 711.
 (c:/texlive/2022/texmf-dist/tex/latex/graphics/mathcolor.ltx)
Package xcolor Info: Model `cmy' substituted by `cmy0' on input line 1353.
Package xcolor Info: Model `hsb' substituted by `rgb' on input line 1357.
Package xcolor Info: Model `RGB' extended on input line 1369.
Package xcolor Info: Model `HTML' substituted by `rgb' on input line 1371.
Package xcolor Info: Model `Hsb' substituted by `hsb' on input line 1372.
Package xcolor Info: Model `tHsb' substituted by `hsb' on input line 1373.
Package xcolor Info: Model `HSB' substituted by `hsb' on input line 1374.
Package xcolor Info: Model `Gray' substituted by `gray' on input line 1375.
Package xcolor Info: Model `wave' substituted by `hsb' on input line 1376.
) (c:/texlive/2022/texmf-dist/tex/latex/booktabs/booktabs.sty
Package: booktabs 2020/01/12 v1.61803398 Publication quality tables
\heavyrulewidth=\dimen163
\lightrulewidth=\dimen164
\cmidrulewidth=\dimen165
\belowrulesep=\dimen166
\belowbottomsep=\dimen167
\aboverulesep=\dimen168
\abovetopsep=\dimen169
\cmidrulesep=\dimen170
\cmidrulekern=\dimen171
\defaultaddspace=\dimen172
\@cmidla=\count280
\@cmidlb=\count281
\@aboverulesep=\dimen173
\@belowrulesep=\dimen174
\@thisruleclass=\count282
\@lastruleclass=\count283
\@thisrulewidth=\dimen175
) (c:/texlive/2022/texmf-dist/tex/latex/tools/longtable.sty
Package: longtable 2021-09-01 v4.17 Multi-page Table package (DPC)
\LTleft=\skip56
\LTright=\skip57
\LTpre=\skip58
\LTpost=\skip59
\LTchunksize=\count284
\LTcapwidth=\dimen176
\LT@head=\box57
\LT@firsthead=\box58
\LT@foot=\box59
\LT@lastfoot=\box60
\LT@gbox=\box61
\LT@cols=\count285
\LT@rows=\count286
\c@LT@tables=\count287
\c@LT@chunks=\count288
\LT@p@ftn=\toks28
) (c:/texlive/2022/texmf-dist/tex/latex/tools/multicol.sty
Package: multicol 2021/11/30 v1.9d multicolumn formatting (FMi)
\c@tracingmulticols=\count289
\mult@box=\box62
\multicol@leftmargin=\dimen177
\c@unbalance=\count290
\c@collectmore=\count291
\doublecol@number=\count292
\multicoltolerance=\count293
\multicolpretolerance=\count294
\full@width=\dimen178
\page@free=\dimen179
\premulticols=\dimen180
\postmulticols=\dimen181
\multicolsep=\skip60
\multicolbaselineskip=\skip61
\partial@page=\box63
\last@line=\box64
\maxbalancingoverflow=\dimen182
\mult@rightbox=\box65
\mult@grightbox=\box66
\mult@firstbox=\box67
\mult@gfirstbox=\box68
\@tempa=\box69
\@tempa=\box70
\@tempa=\box71
\@tempa=\box72
\@tempa=\box73
\@tempa=\box74
\@tempa=\box75
\@tempa=\box76
\@tempa=\box77
\@tempa=\box78
\@tempa=\box79
\@tempa=\box80
\@tempa=\box81
\@tempa=\box82
\@tempa=\box83
\@tempa=\box84
\@tempa=\box85
\@tempa=\box86
\@tempa=\box87
\@tempa=\box88
\@tempa=\box89
\@tempa=\box90
\@tempa=\box91
\@tempa=\box92
\@tempa=\box93
\@tempa=\box94
\@tempa=\box95
\@tempa=\box96
\@tempa=\box97
\@tempa=\box98
\@tempa=\box99
\@tempa=\box100
\@tempa=\box101
\@tempa=\box102
\@tempa=\box103
\@tempa=\box104
\c@minrows=\count295
\c@columnbadness=\count296
\c@finalcolumnbadness=\count297
\last@try=\dimen183
\multicolovershoot=\dimen184
\multicolundershoot=\dimen185
\mult@nat@firstbox=\box105
\colbreak@box=\box106
\mc@col@check@num=\count298
) (c:/texlive/2022/texmf-dist/tex/latex/l3backend/l3backend-pdftex.def
File: l3backend-pdftex.def 2023-01-16 L3 backend support: PDF output (pdfTeX)
\l__color_backend_stack_int=\count299
\l__pdf_internal_box=\box107
)
No file main.aux.
\openout1 = `main.aux'.

LaTeX Font Info:    Checking defaults for OML/cmm/m/it on input line 27.
LaTeX Font Info:    ... okay on input line 27.
LaTeX Font Info:    Checking defaults for OMS/cmsy/m/n on input line 27.
LaTeX Font Info:    ... okay on input line 27.
LaTeX Font Info:    Checking defaults for OT1/cmr/m/n on input line 27.
LaTeX Font Info:    ... okay on input line 27.
LaTeX Font Info:    Checking defaults for T1/cmr/m/n on input line 27.
LaTeX Font Info:    ... okay on input line 27.
LaTeX Font Info:    Checking defaults for TS1/cmr/m/n on input line 27.
LaTeX Font Info:    ... okay on input line 27.
LaTeX Font Info:    Checking defaults for OMX/cmex/m/n on input line 27.
LaTeX Font Info:    ... okay on input line 27.
LaTeX Font Info:    Checking defaults for U/cmr/m/n on input line 27.
LaTeX Font Info:    ... okay on input line 27.
LaTeX Info: Redefining \. on input line 27.
LaTeX Info: Redefining \% on input line 27.
*geometry* driver: auto-detecting
*geometry* detected driver: pdftex
*geometry* verbose mode - [ preamble ] result:
* driver: pdftex
* paper: a4paper
* layout: <same size as paper>
* layoutoffset:(h,v)=(0.0pt,0.0pt)
* modes: twoside 
* h-part:(L,W,R)=(71.13188pt, 455.24411pt, 71.13188pt)
* v-part:(T,H,B)=(71.13188pt, 702.78308pt, 71.13188pt)
* \paperwidth=597.50787pt
* \paperheight=845.04684pt
* \textwidth=455.24411pt
* \textheight=702.78308pt
* \oddsidemargin=-1.1381pt
* \evensidemargin=-1.1381pt
* \topmargin=-38.1381pt
* \headheight=12.0pt
* \headsep=25.0pt
* \topskip=11.0pt
* \footskip=30.0pt
* \marginparwidth=103.0pt
* \marginparsep=10.0pt
* \columnsep=10.0pt
* \skip\footins=10.0pt plus 4.0pt minus 2.0pt
* \hoffset=0.0pt
* \voffset=0.0pt
* \mag=1000
* \@twocolumnfalse
* \@twosidetrue
* \@mparswitchtrue
* \@reversemarginfalse
* (1in=72.27pt=25.4mm, 1cm=28.453pt)

(c:/texlive/2022/texmf-dist/tex/context/base/mkii/supp-pdf.mkii
[Loading MPS to PDF converter (version 2006.09.02).]
\scratchcounter=\count300
\scratchdimen=\dimen186
\scratchbox=\box108
\nofMPsegments=\count301
\nofMParguments=\count302
\everyMPshowfont=\toks29
\MPscratchCnt=\count303
\MPscratchDim=\dimen187
\MPnumerator=\count304
\makeMPintoPDFobject=\count305
\everyMPtoPDFconversion=\toks30
) (c:/texlive/2022/texmf-dist/tex/latex/epstopdf-pkg/epstopdf-base.sty
Package: epstopdf-base 2020-01-24 v2.11 Base part for package epstopdf
Package epstopdf-base Info: Redefining graphics rule for `.eps' on input line 485.
 (c:/texlive/2022/texmf-dist/tex/latex/latexconfig/epstopdf-sys.cfg
File: epstopdf-sys.cfg 2010/07/13 v1.3 Configuration of (r)epstopdf for TeX Live
))
LaTeX Font Info:    Trying to load font information for U+msa on input line 28.
 (c:/texlive/2022/texmf-dist/tex/latex/amsfonts/umsa.fd
File: umsa.fd 2013/01/14 v3.01 AMS symbols A
)
LaTeX Font Info:    Trying to load font information for U+msb on input line 28.
 (c:/texlive/2022/texmf-dist/tex/latex/amsfonts/umsb.fd
File: umsb.fd 2013/01/14 v3.01 AMS symbols B
)

LaTeX Warning: No \author given.

[1

]
No file main.toc.
\tf@toc=\write3
\openout3 = `main.toc'.

[2

]
Cap\'{\i }tulo 1.
[3

] [4] [5] [6] [7] [8] [9]
<imagenes/1.1.png, id=51, 622.325pt x 474.77374pt>
File: imagenes/1.1.png Graphic file (type png)
<use imagenes/1.1.png>
Package pdftex.def Info: imagenes/1.1.png  used on input line 560.
(pdftex.def)             Requested size: 227.62206pt x 173.64957pt.
 [10 <./imagenes/1.1.png>] [11] [12] [13]
<imagenes/1.2.png, id=67, 540.0175pt x 508.90125pt>
File: imagenes/1.2.png Graphic file (type png)
<use imagenes/1.2.png>
Package pdftex.def Info: imagenes/1.2.png  used on input line 908.
(pdftex.def)             Requested size: 227.62206pt x 214.50581pt.
 [14] [15 <./imagenes/1.2.png>] [16]
Overfull \hbox (6.70035pt too wide) in paragraph at lines 1002--1013
 [][] 
 []

<imagenes/1.3.png, id=79, 966.61125pt x 532.99126pt>
File: imagenes/1.3.png Graphic file (type png)
<use imagenes/1.3.png>
Package pdftex.def Info: imagenes/1.3.png  used on input line 1020.
(pdftex.def)             Requested size: 341.43307pt x 188.26575pt.

LaTeX Warning: `!h' float specifier changed to `!ht'.

[17] [18 <./imagenes/1.3.png>]
<imagenes/1.5.png, id=88, 468.75125pt x 292.09125pt>
File: imagenes/1.5.png Graphic file (type png)
<use imagenes/1.5.png>
Package pdftex.def Info: imagenes/1.5.png  used on input line 1093.
(pdftex.def)             Requested size: 341.43307pt x 212.75238pt.
 [19 <./imagenes/1.5.png>]
<imagenes/1.6.png, id=93, 670.505pt x 727.71875pt>
File: imagenes/1.6.png Graphic file (type png)
<use imagenes/1.6.png>
Package pdftex.def Info: imagenes/1.6.png  used on input line 1167.
(pdftex.def)             Requested size: 341.43307pt x 370.56534pt.
 [20] [21 <./imagenes/1.6.png>] [22]
<imagenes/1.7.png, id=104, 940.51375pt x 607.26875pt>
File: imagenes/1.7.png Graphic file (type png)
<use imagenes/1.7.png>
Package pdftex.def Info: imagenes/1.7.png  used on input line 1267.
(pdftex.def)             Requested size: 341.43307pt x 220.45128pt.
 [23 <./imagenes/1.7.png>] [24]
<imagenes/1.8.png, id=113, 1046.91125pt x 447.6725pt>
File: imagenes/1.8.png Graphic file (type png)
<use imagenes/1.8.png>
Package pdftex.def Info: imagenes/1.8.png  used on input line 1344.
(pdftex.def)             Requested size: 341.43307pt x 145.99731pt.
 [25 <./imagenes/1.8.png>]
<imagenes/1.4.png, id=118, 1141.26375pt x 593.21625pt>
File: imagenes/1.4.png Graphic file (type png)
<use imagenes/1.4.png>
Package pdftex.def Info: imagenes/1.4.png  used on input line 1405.
(pdftex.def)             Requested size: 341.43307pt x 177.4684pt.
 [26 <./imagenes/1.4.png>] [27]
Cap\'{\i }tulo 2.
[28

]
<imagenes/MatrizDeClasificación.png, id=129, 865.2325pt x 523.9575pt>
File: imagenes/MatrizDeClasificación.png Graphic file (type png)
<use imagenes/MatrizDeClasificación.png>
Package pdftex.def Info: imagenes/MatrizDeClasificación.png  used on input line 1499.
(pdftex.def)             Requested size: 227.62206pt x 137.84071pt.
 [29 <./imagenes/MatrizDeClasificación.png>] [30] [31] [32] [33] [34] [35] [36]
Overfull \hbox (11.53178pt too wide) in paragraph at lines 1768--1769
[]\OT1/cmr/m/n/10.95 En los re-sor-tes he-li-coi-da-les de trac-ci^^Son-compresi^^Son, aun-que su nom-bre in-di-ca ``trac-ci^^Son-compresi^^Son''
 []

[37] [38] [39] [40] [41] [42] [43] [44]
<imagenes/2.1.png, id=182, 829.0975pt x 638.385pt>
File: imagenes/2.1.png Graphic file (type png)
<use imagenes/2.1.png>
Package pdftex.def Info: imagenes/2.1.png  used on input line 2175.
(pdftex.def)             Requested size: 341.43307pt x 262.88896pt.

Underfull \vbox (badness 6332) has occurred while \output is active []

 [45]
<imagenes/EG.png, id=186, 246.9225pt x 123.46124pt>
File: imagenes/EG.png Graphic file (type png)
<use imagenes/EG.png>
Package pdftex.def Info: imagenes/EG.png  used on input line 2185.
(pdftex.def)             Requested size: 227.62206pt x 113.80988pt.
<imagenes/Pulsador.png, id=187, 517.935pt x 204.765pt>
File: imagenes/Pulsador.png Graphic file (type png)
<use imagenes/Pulsador.png>
Package pdftex.def Info: imagenes/Pulsador.png  used on input line 2201.
(pdftex.def)             Requested size: 227.62206pt x 89.99063pt.
 [46 <./imagenes/2.1.png> <./imagenes/EG.png>]
<imagenes/V32FC.png, id=193, 466.74374pt x 179.67125pt>
File: imagenes/V32FC.png Graphic file (type png)
<use imagenes/V32FC.png>
Package pdftex.def Info: imagenes/V32FC.png  used on input line 2209.
(pdftex.def)             Requested size: 227.62206pt x 87.62296pt.
<imagenes/V4_2B.png, id=194, 448.67625pt x 189.70876pt>
File: imagenes/V4_2B.png Graphic file (type png)
<use imagenes/V4_2B.png>
Package pdftex.def Info: imagenes/V4_2B.png  used on input line 2217.
(pdftex.def)             Requested size: 227.62206pt x 96.2407pt.
<imagenes/NP.png, id=195, 1178.4025pt x 853.1875pt>
File: imagenes/NP.png Graphic file (type png)
<use imagenes/NP.png>
Package pdftex.def Info: imagenes/NP.png  used on input line 2231.
(pdftex.def)             Requested size: 341.43307pt x 247.19672pt.

Underfull \vbox (badness 8038) has occurred while \output is active []

 [47 <./imagenes/Pulsador.png> <./imagenes/V32FC.png> <./imagenes/V4_2B.png>]
<imagenes/P.png, id=202, 1237.62375pt x 857.2025pt>
File: imagenes/P.png Graphic file (type png)
<use imagenes/P.png>
Package pdftex.def Info: imagenes/P.png  used on input line 2237.
(pdftex.def)             Requested size: 341.43307pt x 236.4835pt.
<imagenes/EL.png, id=203, 1247.66125pt x 888.31876pt>
File: imagenes/EL.png Graphic file (type png)
<use imagenes/EL.png>
Package pdftex.def Info: imagenes/EL.png  used on input line 2243.
(pdftex.def)             Requested size: 341.43307pt x 243.08882pt.

Underfull \vbox (badness 10000) has occurred while \output is active []

 [48 <./imagenes/NP.png> <./imagenes/P.png>]
<imagenes/2.2.png, id=210, 596.2275pt x 644.4075pt>
File: imagenes/2.2.png Graphic file (type png)
<use imagenes/2.2.png>
Package pdftex.def Info: imagenes/2.2.png  used on input line 2253.
(pdftex.def)             Requested size: 227.62206pt x 246.018pt.
<imagenes/MV_Reposo.png, id=211, 596.2275pt x 644.4075pt>
File: imagenes/MV_Reposo.png Graphic file (type png)
<use imagenes/MV_Reposo.png>
Package pdftex.def Info: imagenes/MV_Reposo.png  used on input line 2261.
(pdftex.def)             Requested size: 227.62206pt x 246.018pt.

Underfull \vbox (badness 10000) has occurred while \output is active []

 [49 <./imagenes/EL.png> <./imagenes/2.2.png>]
<imagenes/MV_Inicio.png, id=218, 596.2275pt x 644.4075pt>
File: imagenes/MV_Inicio.png Graphic file (type png)
<use imagenes/MV_Inicio.png>
Package pdftex.def Info: imagenes/MV_Inicio.png  used on input line 2267.
(pdftex.def)             Requested size: 227.62206pt x 246.018pt.
<imagenes/MV_Avance.png, id=219, 596.2275pt x 644.4075pt>
File: imagenes/MV_Avance.png Graphic file (type png)
<use imagenes/MV_Avance.png>
Package pdftex.def Info: imagenes/MV_Avance.png  used on input line 2273.
(pdftex.def)             Requested size: 227.62206pt x 246.018pt.

Underfull \vbox (badness 10000) has occurred while \output is active []

 [50 <./imagenes/MV_Reposo.png> <./imagenes/MV_Inicio.png>]
<imagenes/MV_Retroceso.png, id=225, 596.2275pt x 644.4075pt>
File: imagenes/MV_Retroceso.png Graphic file (type png)
<use imagenes/MV_Retroceso.png>
Package pdftex.def Info: imagenes/MV_Retroceso.png  used on input line 2279.
(pdftex.def)             Requested size: 227.62206pt x 246.018pt.

Underfull \vbox (badness 10000) has occurred while \output is active []

 [51 <./imagenes/MV_Avance.png> <./imagenes/MV_Retroceso.png>]
<imagenes/2.3.png, id=231, 596.2275pt x 619.31375pt>
File: imagenes/2.3.png Graphic file (type png)
<use imagenes/2.3.png>
Package pdftex.def Info: imagenes/2.3.png  used on input line 2293.
(pdftex.def)             Requested size: 227.62206pt x 236.43787pt.
<imagenes/Temporizador.png, id=232, 334.24875pt x 138.5175pt>
File: imagenes/Temporizador.png Graphic file (type png)
<use imagenes/Temporizador.png>
Package pdftex.def Info: imagenes/Temporizador.png  used on input line 2301.
(pdftex.def)             Requested size: 227.62206pt x 94.33224pt.
 [52 <./imagenes/2.3.png> <./imagenes/Temporizador.png>]
Cap\'{\i }tulo 3.

c:/Users/crfha/GitHub/Notas-Calculo-de-Maquinas/main.tex:2316: LaTeX Error: Can be used only in preamble.

See the LaTeX manual or LaTeX Companion for explanation.
Type  H <return>  for immediate help.
 ...                                              
                                                  
l.2316 \documentclass
                     {report}
Your command was ignored.
Type  I <command> <return>  to replace it with another command,
or  <return>  to continue without it.


c:/Users/crfha/GitHub/Notas-Calculo-de-Maquinas/main.tex:2318: LaTeX Error: Can be used only in preamble.

See the LaTeX manual or LaTeX Companion for explanation.
Type  H <return>  for immediate help.
 ...                                              
                                                  
l.2318 \usepackage
                  [spanish]{babel}
Your command was ignored.
Type  I <command> <return>  to replace it with another command,
or  <return>  to continue without it.


c:/Users/crfha/GitHub/Notas-Calculo-de-Maquinas/main.tex:2319: LaTeX Error: Can be used only in preamble.

See the LaTeX manual or LaTeX Companion for explanation.
Type  H <return>  for immediate help.
 ...                                              
                                                  
l.2319 \usepackage
                  {graphicx}
Your command was ignored.
Type  I <command> <return>  to replace it with another command,
or  <return>  to continue without it.


c:/Users/crfha/GitHub/Notas-Calculo-de-Maquinas/main.tex:2320: LaTeX Error: Can be used only in preamble.

See the LaTeX manual or LaTeX Companion for explanation.
Type  H <return>  for immediate help.
 ...                                              
                                                  
l.2320 \usepackage
                  {amsmath}
Your command was ignored.
Type  I <command> <return>  to replace it with another command,
or  <return>  to continue without it.


c:/Users/crfha/GitHub/Notas-Calculo-de-Maquinas/main.tex:2321: LaTeX Error: Can be used only in preamble.

See the LaTeX manual or LaTeX Companion for explanation.
Type  H <return>  for immediate help.
 ...                                              
                                                  
l.2321 \usepackage
                  {amsfonts}
Your command was ignored.
Type  I <command> <return>  to replace it with another command,
or  <return>  to continue without it.


c:/Users/crfha/GitHub/Notas-Calculo-de-Maquinas/main.tex:2322: LaTeX Error: Can be used only in preamble.

See the LaTeX manual or LaTeX Companion for explanation.
Type  H <return>  for immediate help.
 ...                                              
                                                  
l.2322 \usepackage
                  {float}
Your command was ignored.
Type  I <command> <return>  to replace it with another command,
or  <return>  to continue without it.


c:/Users/crfha/GitHub/Notas-Calculo-de-Maquinas/main.tex:2328: LaTeX Error: Can be used only in preamble.

See the LaTeX manual or LaTeX Companion for explanation.
Type  H <return>  for immediate help.
 ...                                              
                                                  
l.2328 \begin{document}
                       
Your command was ignored.
Type  I <command> <return>  to replace it with another command,
or  <return>  to continue without it.

[53

] (./main.toc)
\tf@toc=\write4
\openout4 = `main.toc'.

 [54

]
Cap\'{\i }tulo 4.
[55

] [56] [57] [58] [59] [60] [61] [62]
File: imagenes/1.1.png Graphic file (type png)
<use imagenes/1.1.png>
Package pdftex.def Info: imagenes/1.1.png  used on input line 2684.
(pdftex.def)             Requested size: 227.62206pt x 173.64957pt.
 [63] [64] [65] [66] [67]
File: imagenes/1.2.png Graphic file (type png)
<use imagenes/1.2.png>
Package pdftex.def Info: imagenes/1.2.png  used on input line 2963.
(pdftex.def)             Requested size: 227.62206pt x 214.50581pt.
 [68] [69] [70]
Overfull \hbox (6.70035pt too wide) in paragraph at lines 3057--3068
 [][] 
 []

File: imagenes/1.3.png Graphic file (type png)
<use imagenes/1.3.png>
Package pdftex.def Info: imagenes/1.3.png  used on input line 3075.
(pdftex.def)             Requested size: 341.43307pt x 188.26575pt.
[71] [72]
File: imagenes/1.5.png Graphic file (type png)
<use imagenes/1.5.png>
Package pdftex.def Info: imagenes/1.5.png  used on input line 3148.
(pdftex.def)             Requested size: 341.43307pt x 212.75238pt.
 [73]
File: imagenes/1.6.png Graphic file (type png)
<use imagenes/1.6.png>
Package pdftex.def Info: imagenes/1.6.png  used on input line 3222.
(pdftex.def)             Requested size: 341.43307pt x 370.56534pt.

Underfull \vbox (badness 1509) has occurred while \output is active []

 [74] [75] [76]
File: imagenes/1.7.png Graphic file (type png)
<use imagenes/1.7.png>
Package pdftex.def Info: imagenes/1.7.png  used on input line 3322.
(pdftex.def)             Requested size: 341.43307pt x 220.45128pt.
 [77] [78]
File: imagenes/1.8.png Graphic file (type png)
<use imagenes/1.8.png>
Package pdftex.def Info: imagenes/1.8.png  used on input line 3399.
(pdftex.def)             Requested size: 341.43307pt x 145.99731pt.
 [79]
File: imagenes/1.4.png Graphic file (type png)
<use imagenes/1.4.png>
Package pdftex.def Info: imagenes/1.4.png  used on input line 3460.
(pdftex.def)             Requested size: 341.43307pt x 177.4684pt.
 [80] [81]
Cap\'{\i }tulo 5.
[82

]
File: imagenes/MatrizDeClasificación.png Graphic file (type png)
<use imagenes/MatrizDeClasificación.png>
Package pdftex.def Info: imagenes/MatrizDeClasificación.png  used on input line 3553.
(pdftex.def)             Requested size: 227.62206pt x 137.84071pt.
 [83] [84] [85] [86] [87] [88] [89] [90]
Overfull \hbox (11.53178pt too wide) in paragraph at lines 3822--3823
[]\OT1/cmr/m/n/10.95 En los re-sor-tes he-li-coi-da-les de trac-ci^^Son-compresi^^Son, aun-que su nom-bre in-di-ca ``trac-ci^^Son-compresi^^Son''
 []

[91] [92] [93] [94] [95] [96] [97] [98]
File: imagenes/2.1.png Graphic file (type png)
<use imagenes/2.1.png>
Package pdftex.def Info: imagenes/2.1.png  used on input line 4229.
(pdftex.def)             Requested size: 341.43307pt x 262.88896pt.

Underfull \vbox (badness 6332) has occurred while \output is active []

 [99]
File: imagenes/EG.png Graphic file (type png)
<use imagenes/EG.png>
Package pdftex.def Info: imagenes/EG.png  used on input line 4239.
(pdftex.def)             Requested size: 227.62206pt x 113.80988pt.
File: imagenes/Pulsador.png Graphic file (type png)
<use imagenes/Pulsador.png>
Package pdftex.def Info: imagenes/Pulsador.png  used on input line 4255.
(pdftex.def)             Requested size: 227.62206pt x 89.99063pt.
 [100]
File: imagenes/V32FC.png Graphic file (type png)
<use imagenes/V32FC.png>
Package pdftex.def Info: imagenes/V32FC.png  used on input line 4263.
(pdftex.def)             Requested size: 227.62206pt x 87.62296pt.
File: imagenes/V4_2B.png Graphic file (type png)
<use imagenes/V4_2B.png>
Package pdftex.def Info: imagenes/V4_2B.png  used on input line 4271.
(pdftex.def)             Requested size: 227.62206pt x 96.2407pt.
File: imagenes/NP.png Graphic file (type png)
<use imagenes/NP.png>
Package pdftex.def Info: imagenes/NP.png  used on input line 4285.
(pdftex.def)             Requested size: 341.43307pt x 247.19672pt.

Underfull \vbox (badness 8038) has occurred while \output is active []

 [101]
File: imagenes/P.png Graphic file (type png)
<use imagenes/P.png>
Package pdftex.def Info: imagenes/P.png  used on input line 4291.
(pdftex.def)             Requested size: 341.43307pt x 236.4835pt.
File: imagenes/EL.png Graphic file (type png)
<use imagenes/EL.png>
Package pdftex.def Info: imagenes/EL.png  used on input line 4297.
(pdftex.def)             Requested size: 341.43307pt x 243.08882pt.

Underfull \vbox (badness 10000) has occurred while \output is active []

 [102]
File: imagenes/2.2.png Graphic file (type png)
<use imagenes/2.2.png>
Package pdftex.def Info: imagenes/2.2.png  used on input line 4307.
(pdftex.def)             Requested size: 227.62206pt x 246.018pt.
File: imagenes/MV_Reposo.png Graphic file (type png)
<use imagenes/MV_Reposo.png>
Package pdftex.def Info: imagenes/MV_Reposo.png  used on input line 4315.
(pdftex.def)             Requested size: 227.62206pt x 246.018pt.

Underfull \vbox (badness 10000) has occurred while \output is active []

 [103]
File: imagenes/MV_Inicio.png Graphic file (type png)
<use imagenes/MV_Inicio.png>
Package pdftex.def Info: imagenes/MV_Inicio.png  used on input line 4321.
(pdftex.def)             Requested size: 227.62206pt x 246.018pt.
File: imagenes/MV_Avance.png Graphic file (type png)
<use imagenes/MV_Avance.png>
Package pdftex.def Info: imagenes/MV_Avance.png  used on input line 4327.
(pdftex.def)             Requested size: 227.62206pt x 246.018pt.

Underfull \vbox (badness 10000) has occurred while \output is active []

 [104]
File: imagenes/MV_Retroceso.png Graphic file (type png)
<use imagenes/MV_Retroceso.png>
Package pdftex.def Info: imagenes/MV_Retroceso.png  used on input line 4333.
(pdftex.def)             Requested size: 227.62206pt x 246.018pt.

Underfull \vbox (badness 10000) has occurred while \output is active []

 [105]
File: imagenes/2.3.png Graphic file (type png)
<use imagenes/2.3.png>
Package pdftex.def Info: imagenes/2.3.png  used on input line 4347.
(pdftex.def)             Requested size: 227.62206pt x 236.43787pt.
File: imagenes/Temporizador.png Graphic file (type png)
<use imagenes/Temporizador.png>
Package pdftex.def Info: imagenes/Temporizador.png  used on input line 4355.
(pdftex.def)             Requested size: 227.62206pt x 94.33224pt.


c:/Users/crfha/GitHub/Notas-Calculo-de-Maquinas/main.tex:4360: LaTeX Error: \begin{document} on input line 2328 ended by \end{quoting}.

See the LaTeX manual or LaTeX Companion for explanation.
Type  H <return>  for immediate help.
 ...                                              
                                                  
l.4360 >>
         >>>>> 4da7a000c5754a4f9b280f60c978b3bff9b37b69
Your command was ignored.
Type  I <command> <return>  to replace it with another command,
or  <return>  to continue without it.


c:/Users/crfha/GitHub/Notas-Calculo-de-Maquinas/main.tex:4360: LaTeX Error: \begin{document} ended by \end{quoting}.

See the LaTeX manual or LaTeX Companion for explanation.
Type  H <return>  for immediate help.
 ...                                              
                                                  
l.4360 >>>>
           >>> 4da7a000c5754a4f9b280f60c978b3bff9b37b69
Your command was ignored.
Type  I <command> <return>  to replace it with another command,
or  <return>  to continue without it.

c:/Users/crfha/GitHub/Notas-Calculo-de-Maquinas/main.tex:4360: Extra \endgroup.
<recently read> \endgroup 
                          
l.4360 >>>>
           >>> 4da7a000c5754a4f9b280f60c978b3bff9b37b69
Things are pretty mixed up, but I think the worst is over.


c:/Users/crfha/GitHub/Notas-Calculo-de-Maquinas/main.tex:4360: LaTeX Error: \begin{document} ended by \end{quoting}.

See the LaTeX manual or LaTeX Companion for explanation.
Type  H <return>  for immediate help.
 ...                                              
                                                  
l.4360 >>>>>>
             > 4da7a000c5754a4f9b280f60c978b3bff9b37b69
Your command was ignored.
Type  I <command> <return>  to replace it with another command,
or  <return>  to continue without it.

c:/Users/crfha/GitHub/Notas-Calculo-de-Maquinas/main.tex:4360: Extra \endgroup.
<recently read> \endgroup 
                          
l.4360 >>>>>>
             > 4da7a000c5754a4f9b280f60c978b3bff9b37b69
Things are pretty mixed up, but I think the worst is over.


Overfull \hbox (81.95258pt too wide) in paragraph at lines 4359--4361
\OT1/cmr/m/n/10.95 co-sen-cuen-cia de-be-mos in-ter-pre-tar el tem-po-ri-za-dor co-mo un re-tar-do. >4da7a000c5754a4f9b280f60c978b3bff9b37b69 
 []

[106] (./main.aux
LaTeX Info: Redefining \. on input line 8.
LaTeX Info: Redefining \% on input line 8.
) ) 
Here is how much of TeX's memory you used:
 5359 strings out of 476029
 84138 string characters out of 5794165
 1865340 words of memory out of 5000000
 25712 multiletter control sequences out of 15000+600000
 521898 words of font info for 67 fonts, out of 8000000 for 9000
 1141 hyphenation exceptions out of 8191
 57i,12n,62p,730b,365s stack positions out of 10000i,1000n,20000p,200000b,200000s
{c:/texlive/2022/texmf-dist/fonts/enc/dvips/cm-super/cm-super-ts1.enc}<c:/texlive/2022/texmf-dist/fonts/type1/public/amsfonts/cm/cmbx10.pfb><c:/texlive/2022/texmf-dist/fonts/type1/public/amsfonts/cm/cmbx12.pfb><c:/texlive/2022/texmf-dist/fonts/type1/public/amsfonts/cm/cmex10.pfb><c:/texlive/2022/texmf-dist/fonts/type1/public/amsfonts/cm/cmmi10.pfb><c:/texlive/2022/texmf-dist/fonts/type1/public/amsfonts/cm/cmmi12.pfb><c:/texlive/2022/texmf-dist/fonts/type1/public/amsfonts/cm/cmmi6.pfb><c:/texlive/2022/texmf-dist/fonts/type1/public/amsfonts/cm/cmmi8.pfb><c:/texlive/2022/texmf-dist/fonts/type1/public/amsfonts/cm/cmr10.pfb><c:/texlive/2022/texmf-dist/fonts/type1/public/amsfonts/cm/cmr12.pfb><c:/texlive/2022/texmf-dist/fonts/type1/public/amsfonts/cm/cmr17.pfb><c:/texlive/2022/texmf-dist/fonts/type1/public/amsfonts/cm/cmr6.pfb><c:/texlive/2022/texmf-dist/fonts/type1/public/amsfonts/cm/cmr8.pfb><c:/texlive/2022/texmf-dist/fonts/type1/public/amsfonts/cm/cmsy10.pfb><c:/texlive/2022/texmf-dist/fonts/type1/public/amsfonts/cm/cmsy6.pfb><c:/texlive/2022/texmf-dist/fonts/type1/public/amsfonts/cm/cmsy8.pfb><c:/texlive/2022/texmf-dist/fonts/type1/public/amsfonts/cm/cmti10.pfb><c:/texlive/2022/texmf-dist/fonts/type1/public/amsfonts/symbols/msbm10.pfb><c:/texlive/2022/texmf-dist/fonts/type1/public/cm-super/sfrm1095.pfb>
Output written on main.pdf (107 pages, 6026053 bytes).
PDF statistics:
 489 PDF objects out of 1000 (max. 8388607)
 293 compressed objects within 3 object streams
 0 named destinations out of 1000 (max. 500000)
 121 words of extra memory for PDF output out of 10000 (max. 10000000)

